[22:25:00 INFO] ============================================================
[22:25:00 INFO] AccountAwareAllocator — daily plan 2026-05-26
[22:25:00 INFO] ============================================================
[22:25:00 INFO] ── Step 1: fetching account state ──
[22:25:00 INFO]   equity=$  97320.74  cash=$ 274590.07  buying_power=$ 323250.44
[22:25:00 INFO] ── Step 2: fetching open positions ──
[22:25:00 INFO]   4 positions, invested_ratio=0.6945 (target=1.00, min=0.98)
[22:25:00 DBG ]     AMD        long  qty=35.0000 mv=$ 17658.00  pct_eq=18.14%  pl=+2.61%
[22:25:00 DBG ]     CRWD       long  qty=25.0000 mv=$ 16350.75  pct_eq=16.80%  pl=-1.66%
[22:25:00 DBG ]     NOW        long  qty=169.0000 mv=$ 16879.82  pct_eq=17.34%  pl=-1.99%
[22:25:00 DBG ]     PANW       long  qty=67.0000 mv=$ 16703.10  pct_eq=17.16%  pl=-1.88%
[22:25:00 INFO]   PDT mode=OK  dt_remaining=3
[22:25:00 INFO] ── Step 3: defensive mode check ──
[22:25:00 INFO]   defensive_mode OFF → proceed with deployment
[22:25:00 INFO] ── Step 4: regime detection ──
[22:25:00 INFO]   regime=NEUTRAL  source=auto  size_mult=0.70
[22:25:00 INFO]     allowed_buckets=['ai_nasdaq_semis', 'software_quality', 'inflation_energy', 'crypto']
[22:25:00 INFO] ── Step 5: scoring allowed universe ──
[22:25:01 DBG ]     AMD      score=+0.755  bucket=ai_nasdaq_semis
[22:25:01 DBG ]     CRWD     score=+0.606  bucket=software_quality
[22:25:01 DBG ]     PANW     score=+0.519  bucket=software_quality
[22:25:01 DBG ]     SMH      score=+0.458  bucket=ai_nasdaq_semis
[22:25:01 DBG ]     TSLA     score=+0.325  bucket=ai_nasdaq_semis
[22:25:01 INFO] ── Step 6: target weight construction ──
[22:25:01 INFO]   reason: regime=NEUTRAL | primary_picks=4(72%) | fallback=['SPY', 'QQQ', 'GLD']
[22:25:01 INFO]   target_invested_ratio_after_plan = 1.0000
[22:25:01 DBG ]     AMD        target_weight=0.1800 ($17517.73)
[22:25:01 DBG ]     CRWD       target_weight=0.1800 ($17517.73)
[22:25:01 DBG ]     PANW       target_weight=0.1800 ($17517.73)
[22:25:01 DBG ]     SMH        target_weight=0.1800 ($17517.73)
[22:25:01 DBG ]     SPY        target_weight=0.1000 ($9732.07)
[22:25:01 DBG ]     QQQ        target_weight=0.1000 ($9732.07)
[22:25:01 DBG ]     GLD        target_weight=0.0800 ($7785.66)
[22:25:01 INFO] ── Step 7: rebalance order generation ──
[22:25:01 INFO]     SMH      BUY     current=$     0.00 target=$ 17517.73 delta=$+17517.73  -- new position at target 18.0%
[22:25:01 INFO]     NOW      EXIT    current=$ 16879.82 target=$     0.00 delta=$-16879.82  -- symbol not in target allocation
[22:25:01 INFO]     SPY      BUY     current=$     0.00 target=$  9732.07 delta=$ +9732.07  -- new position at target 10.0%
[22:25:01 INFO]     QQQ      BUY     current=$     0.00 target=$  9732.07 delta=$ +9732.07  -- new position at target 10.0%
[22:25:01 INFO]     GLD      BUY     current=$     0.00 target=$  7785.66 delta=$ +7785.66  -- new position at target 8.0%
[22:25:01 INFO]     AMD      HOLD    current=$ 17658.00 target=$ 17517.73 delta=$  -140.27  -- |delta -0.14%| < min_diff 2.00%
[22:25:01 INFO]     CRWD     HOLD    current=$ 16350.75 target=$ 17517.73 delta=$ +1166.98  -- |delta +1.20%| < min_diff 2.00%
[22:25:01 INFO]     PANW     HOLD    current=$ 16703.10 target=$ 17517.73 delta=$  +814.63  -- |delta +0.84%| < min_diff 2.00%
[22:25:01 INFO]   summary: 5 actionable + 3 hold; passed=5  failed=0
[22:25:01 INFO] ── Step 8: plan complete ──
[22:25:01 INFO]   auto_execute=True  (flip config/capital_deployment.json::capital_deployment.auto_execute_rebalance to enable)
