[22:16:27 INFO] ============================================================
[22:16:27 INFO] AccountAwareAllocator — daily plan 2026-05-21
[22:16:27 INFO] ============================================================
[22:16:27 INFO] ── Step 1: fetching account state ──
[22:16:27 INFO]   equity=$  96821.87  cash=$ 240222.51  buying_power=$ 288633.44
[22:16:27 INFO] ── Step 2: fetching open positions ──
[22:16:27 INFO]   7 positions, invested_ratio=0.9927 (target=1.00, min=0.98)
[22:16:27 DBG ]     AMD        long  qty=38.0000 mv=$ 17100.00  pct_eq=17.66%  pl=+2.07%
[22:16:27 DBG ]     CRWD       long  qty=26.0000 mv=$ 16848.00  pct_eq=17.40%  pl=-0.14%
[22:16:27 DBG ]     GLD        long  qty=23.0000 mv=$  9586.40  pct_eq=9.90%  pl=+0.80%
[22:16:27 DBG ]     NOW        long  qty=171.0000 mv=$ 17459.10  pct_eq=18.03%  pl=+1.87%
[22:16:27 DBG ]     PANW       long  qty=67.0000 mv=$ 16889.48  pct_eq=17.44%  pl=+0.12%
[22:16:27 DBG ]     QQQ        long  qty=13.0000 mv=$  9308.39  pct_eq=9.61%  pl=+0.68%
[22:16:27 DBG ]     SPY        long  qty=12.0000 mv=$  8925.60  pct_eq=9.22%  pl=+0.49%
[22:16:27 INFO]   PDT mode=OK  dt_remaining=3
[22:16:27 INFO] ── Step 3: defensive mode check ──
[22:16:27 INFO]   defensive_mode OFF → proceed with deployment
[22:16:27 INFO] ── Step 4: regime detection ──
[22:16:27 INFO]   regime=NEUTRAL  source=auto  size_mult=0.70
[22:16:27 INFO]     allowed_buckets=['ai_nasdaq_semis', 'software_quality', 'inflation_energy', 'crypto']
[22:16:27 INFO] ── Step 5: scoring allowed universe ──
[22:16:28 DBG ]     PANW     score=+0.709  bucket=software_quality
[22:16:28 DBG ]     CRWD     score=+0.680  bucket=software_quality
[22:16:28 DBG ]     AMD      score=+0.537  bucket=ai_nasdaq_semis
[22:16:28 DBG ]     NOW      score=+0.366  bucket=software_quality
[22:16:28 DBG ]     SMH      score=+0.324  bucket=ai_nasdaq_semis
[22:16:28 INFO] ── Step 6: target weight construction ──
[22:16:28 INFO]   reason: regime=NEUTRAL | primary_picks=4(72%) | fallback=['SPY', 'QQQ', 'GLD']
[22:16:28 INFO]   target_invested_ratio_after_plan = 1.0000
[22:16:28 DBG ]     PANW       target_weight=0.1800 ($17427.94)
[22:16:28 DBG ]     CRWD       target_weight=0.1800 ($17427.94)
[22:16:28 DBG ]     AMD        target_weight=0.1800 ($17427.94)
[22:16:28 DBG ]     NOW        target_weight=0.1800 ($17427.94)
[22:16:28 DBG ]     SPY        target_weight=0.1000 ($9682.19)
[22:16:28 DBG ]     QQQ        target_weight=0.1000 ($9682.19)
[22:16:28 DBG ]     GLD        target_weight=0.0800 ($7745.75)
[22:16:28 INFO] ── Step 7: rebalance order generation ──
[22:16:28 INFO]     AMD      HOLD    current=$ 17100.00 target=$ 17427.94 delta=$  +327.94  -- |delta +0.34%| < min_diff 2.00%
[22:16:28 INFO]     CRWD     HOLD    current=$ 16848.00 target=$ 17427.94 delta=$  +579.94  -- |delta +0.60%| < min_diff 2.00%
[22:16:28 INFO]     GLD      HOLD    current=$  9586.40 target=$  7745.75 delta=$ -1840.65  -- |delta -1.90%| < min_diff 2.00%
[22:16:28 INFO]     NOW      HOLD    current=$ 17459.10 target=$ 17427.94 delta=$   -31.16  -- |delta -0.03%| < min_diff 2.00%
[22:16:28 INFO]     PANW     HOLD    current=$ 16889.48 target=$ 17427.94 delta=$  +538.46  -- |delta +0.56%| < min_diff 2.00%
[22:16:28 INFO]     QQQ      HOLD    current=$  9308.39 target=$  9682.19 delta=$  +373.80  -- |delta +0.39%| < min_diff 2.00%
[22:16:28 INFO]     SPY      HOLD    current=$  8925.60 target=$  9682.19 delta=$  +756.59  -- |delta +0.78%| < min_diff 2.00%
[22:16:28 INFO]   summary: 0 actionable + 7 hold; passed=0  failed=0
[22:16:28 INFO] ── Step 8: plan complete ──
[22:16:28 INFO]   auto_execute=True  (flip config/capital_deployment.json::capital_deployment.auto_execute_rebalance to enable)
