[22:45:48 INFO] ============================================================
[22:45:48 INFO] AccountAwareAllocator — daily plan 2026-06-16
[22:45:48 INFO] ============================================================
[22:45:48 INFO] ── Step 1: fetching account state ──
[22:45:48 INFO]   equity=$  90504.88  cash=$ 316767.08  buying_power=$ 362019.52
[22:45:48 INFO] ── Step 2: fetching open positions ──
[22:45:49 INFO]   0 positions, invested_ratio=0.0000 (target=1.00, min=0.98)
[22:45:49 INFO]   PDT mode=OK  dt_remaining=3
[22:45:49 INFO] ── Step 3: defensive mode check ──
[22:45:49 INFO]   defensive_mode OFF → proceed with deployment
[22:45:49 INFO] ── Step 4: regime detection ──
[22:45:49 INFO]   regime=NEUTRAL  source=auto  size_mult=0.70
[22:45:49 INFO]     allowed_buckets=['ai_nasdaq_semis', 'software_quality', 'inflation_energy', 'crypto']
[22:45:49 INFO] ── Step 5: scoring allowed universe ──
[22:45:53 DBG ]     AMD      score=+0.349  bucket=ai_nasdaq_semis
[22:45:53 DBG ]     SMH      score=+0.228  bucket=ai_nasdaq_semis
[22:45:53 DBG ]     PANW     score=+0.216  bucket=software_quality
[22:45:53 DBG ]     CRWD     score=+0.120  bucket=software_quality
[22:45:53 DBG ]     QQQ      score=+0.097  bucket=ai_nasdaq_semis
[22:45:53 INFO] ── Step 6: target weight construction ──
[22:45:53 INFO]   reason: regime=NEUTRAL | primary_picks=0(0%) | fallback=['SPY', 'QQQ', 'GLD'] | unfilled=70.00%
[22:45:53 INFO]   target_invested_ratio_after_plan = 0.3000
[22:45:53 DBG ]     SPY        target_weight=0.1000 ($9050.49)
[22:45:53 DBG ]     QQQ        target_weight=0.1000 ($9050.49)
[22:45:53 DBG ]     GLD        target_weight=0.1000 ($9050.49)
[22:45:53 INFO] ── Step 7: rebalance order generation ──
[22:45:53 INFO]     SPY      BUY     current=$     0.00 target=$  9050.49 delta=$ +9050.49  -- new position at target 10.0%
[22:45:53 INFO]     QQQ      BUY     current=$     0.00 target=$  9050.49 delta=$ +9050.49  -- new position at target 10.0%
[22:45:53 INFO]     GLD      BUY     current=$     0.00 target=$  9050.49 delta=$ +9050.49  -- new position at target 10.0%
[22:45:53 INFO]   summary: 3 actionable + 0 hold; passed=3  failed=0
[22:45:53 INFO] ── Step 8: plan complete ──
[22:45:53 INFO]   auto_execute=True  (flip config/capital_deployment.json::capital_deployment.auto_execute_rebalance to enable)
