[22:35:01 INFO] ============================================================
[22:35:01 INFO] AccountAwareAllocator — daily plan 2026-05-27
[22:35:01 INFO] ============================================================
[22:35:01 INFO] ── Step 1: fetching account state ──
[22:35:01 INFO]   equity=$  96188.13  cash=$ 181999.67  buying_power=$ 230093.74
[22:35:01 INFO] ── Step 2: fetching open positions ──
[22:35:02 INFO]   7 positions, invested_ratio=0.8109 (target=1.00, min=0.98)
[22:35:02 DBG ]     GLD        long  qty=19.0000 mv=$  7771.00  pct_eq=8.08%  pl=+0.65%
[22:35:02 DBG ]     LMT        long  qty=15.0000 mv=$  7980.77  pct_eq=8.30%  pl=-0.17%
[22:35:02 DBG ]     NOW        short qty=-169.0000 mv=$-17991.74  pct_eq=18.70%  pl=-5.07%
[22:35:02 DBG ]     QQQ        long  qty=13.0000 mv=$  9480.51  pct_eq=9.86%  pl=-0.07%
[22:35:02 DBG ]     RTX        long  qty=44.0000 mv=$  7769.96  pct_eq=8.08%  pl=-0.53%
[22:35:02 DBG ]     SMH        long  qty=29.0000 mv=$ 17240.21  pct_eq=17.92%  pl=-0.61%
[22:35:02 DBG ]     SPY        long  qty=13.0000 mv=$  9761.44  pct_eq=10.15%  pl=+0.08%
[22:35:02 INFO]   PDT mode=OK  dt_remaining=3
[22:35:02 INFO] ── Step 3: defensive mode check ──
[22:35:02 INFO]   defensive_mode OFF → proceed with deployment
[22:35:02 INFO] ── Step 4: regime detection ──
[22:35:02 INFO]   regime=NEUTRAL  source=auto  size_mult=0.70
[22:35:02 INFO]     allowed_buckets=['ai_nasdaq_semis', 'software_quality', 'inflation_energy', 'crypto']
[22:35:02 INFO] ── Step 5: scoring allowed universe ──
[22:35:07 DBG ]     AMD      score=+0.643  bucket=ai_nasdaq_semis
[22:35:07 DBG ]     CRWD     score=+0.526  bucket=software_quality
[22:35:07 DBG ]     PANW     score=+0.481  bucket=software_quality
[22:35:07 DBG ]     TSLA     score=+0.410  bucket=ai_nasdaq_semis
[22:35:07 DBG ]     SMH      score=+0.408  bucket=ai_nasdaq_semis
[22:35:07 INFO] ── Step 6: target weight construction ──
[22:35:07 INFO]   reason: regime=NEUTRAL | primary_picks=5(90%) | fallback=['SPY', 'QQQ']
[22:35:07 INFO]   target_invested_ratio_after_plan = 1.0000
[22:35:07 DBG ]     AMD        target_weight=0.1800 ($17313.86)
[22:35:07 DBG ]     CRWD       target_weight=0.1800 ($17313.86)
[22:35:07 DBG ]     PANW       target_weight=0.1800 ($17313.86)
[22:35:07 DBG ]     TSLA       target_weight=0.1800 ($17313.86)
[22:35:07 DBG ]     SMH        target_weight=0.1800 ($17313.86)
[22:35:07 DBG ]     SPY        target_weight=0.1000 ($9618.81)
[22:35:07 DBG ]     QQQ        target_weight=0.0000 ($0.00)
[22:35:07 INFO] ── Step 7: rebalance order generation ──
[22:35:07 INFO]     NOW      EXIT    current=$-17991.74 target=$     0.00 delta=$+17991.74  -- symbol not in target allocation
[22:35:07 INFO]     AMD      BUY     current=$     0.00 target=$ 17313.86 delta=$+17313.86  -- new position at target 18.0%
[22:35:07 INFO]     CRWD     BUY     current=$     0.00 target=$ 17313.86 delta=$+17313.86  -- new position at target 18.0%
[22:35:07 INFO]     PANW     BUY     current=$     0.00 target=$ 17313.86 delta=$+17313.86  -- new position at target 18.0%
[22:35:07 INFO]     TSLA     BUY     current=$     0.00 target=$ 17313.86 delta=$+17313.86  -- new position at target 18.0%
[22:35:07 INFO]     QQQ      REDUCE  current=$  9480.51 target=$     0.00 delta=$ -9480.51  -- reduce $9481 to target 0.0%
[22:35:07 INFO]     LMT      EXIT    current=$  7980.77 target=$     0.00 delta=$ -7980.77  -- symbol not in target allocation
[22:35:07 INFO]     GLD      EXIT    current=$  7771.00 target=$     0.00 delta=$ -7771.00  -- symbol not in target allocation
[22:35:07 INFO]     RTX      EXIT    current=$  7769.96 target=$     0.00 delta=$ -7769.96  -- symbol not in target allocation
[22:35:07 INFO]     SMH      HOLD    current=$ 17240.21 target=$ 17313.86 delta=$   +73.65  -- |delta +0.08%| < min_diff 2.00%
[22:35:07 INFO]     SPY      HOLD    current=$  9761.44 target=$  9618.81 delta=$  -142.63  -- |delta -0.15%| < min_diff 2.00%
[22:35:07 INFO]   summary: 9 actionable + 2 hold; passed=9  failed=0
[22:35:07 INFO] ── Step 8: plan complete ──
[22:35:07 INFO]   auto_execute=True  (flip config/capital_deployment.json::capital_deployment.auto_execute_rebalance to enable)
