[01:37:05 INFO] ============================================================
[01:37:05 INFO] AccountAwareAllocator — daily plan 2026-06-29
[01:37:05 INFO] ============================================================
[01:37:05 INFO] ── Step 1: fetching account state ──
[01:37:05 INFO]   equity=$  90504.88  cash=$ 316767.08  buying_power=$ 362019.52
[01:37:05 INFO] ── Step 2: fetching open positions ──
[01:37:05 INFO]   0 positions, invested_ratio=0.0000 (target=1.00, min=0.98)
[01:37:05 INFO]   PDT mode=OK  dt_remaining=3
[01:37:05 INFO] ── Step 3: defensive mode check ──
[01:37:05 INFO]   defensive_mode OFF → proceed with deployment
[01:37:05 INFO] ── Step 4: regime detection ──
[01:37:05 INFO]   regime=NEUTRAL  source=auto  size_mult=0.70
[01:37:05 INFO]     allowed_buckets=['ai_nasdaq_semis', 'software_quality', 'inflation_energy', 'crypto']
[01:37:05 INFO] ── Step 5: scoring allowed universe ──
[01:37:06 DBG ]     PANW     score=+0.504  bucket=software_quality
[01:37:06 DBG ]     CRWD     score=+0.265  bucket=software_quality
[01:37:06 DBG ]     WDAY     score=+0.148  bucket=software_quality
[01:37:06 DBG ]     AMD      score=+0.112  bucket=ai_nasdaq_semis
[01:37:06 DBG ]     NOW      score=+0.063  bucket=software_quality
[01:37:06 INFO] ── Step 6: target weight construction ──
[01:37:06 INFO]   reason: regime=NEUTRAL | primary_picks=1(18%) | fallback=['SPY', 'QQQ', 'GLD'] | unfilled=52.00%
[01:37:06 INFO]   target_invested_ratio_after_plan = 0.4800
[01:37:06 DBG ]     PANW       target_weight=0.1800 ($16290.88)
[01:37:06 DBG ]     SPY        target_weight=0.1000 ($9050.49)
[01:37:06 DBG ]     QQQ        target_weight=0.1000 ($9050.49)
[01:37:06 DBG ]     GLD        target_weight=0.1000 ($9050.49)
[01:37:06 INFO] ── Step 7: rebalance order generation ──
[01:37:06 INFO]     PANW     BUY     current=$     0.00 target=$ 16290.88 delta=$+16290.88  -- new position at target 18.0%
[01:37:06 INFO]     SPY      BUY     current=$     0.00 target=$  9050.49 delta=$ +9050.49  -- new position at target 10.0%
[01:37:06 INFO]     QQQ      BUY     current=$     0.00 target=$  9050.49 delta=$ +9050.49  -- new position at target 10.0%
[01:37:06 INFO]     GLD      BUY     current=$     0.00 target=$  9050.49 delta=$ +9050.49  -- new position at target 10.0%
[01:37:06 INFO]   summary: 4 actionable + 0 hold; passed=4  failed=0
[01:37:06 INFO] ── Step 8: plan complete ──
[01:37:06 INFO]   auto_execute=True  (flip config/capital_deployment.json::capital_deployment.auto_execute_rebalance to enable)
