[22:05:44 INFO] ============================================================
[22:05:44 INFO] AccountAwareAllocator — daily plan 2026-05-22
[22:05:44 INFO] ============================================================
[22:05:44 INFO] ── Step 1: fetching account state ──
[22:05:44 INFO]   equity=$  97832.94  cash=$ 221927.73  buying_power=$ 270844.20
[22:05:44 INFO] ── Step 2: fetching open positions ──
[22:05:44 INFO]   0 positions, invested_ratio=0.0000 (target=1.00, min=0.98)
[22:05:44 INFO]   PDT mode=OK  dt_remaining=3
[22:05:44 INFO] ── Step 3: defensive mode check ──
[22:05:44 INFO]   defensive_mode OFF → proceed with deployment
[22:05:44 INFO] ── Step 4: regime detection ──
[22:05:44 INFO]   regime=NEUTRAL  source=auto  size_mult=0.70
[22:05:44 INFO]     allowed_buckets=['ai_nasdaq_semis', 'software_quality', 'inflation_energy', 'crypto']
[22:05:44 INFO] ── Step 5: scoring allowed universe ──
[22:05:47 DBG ]     CRWD     score=+0.766  bucket=software_quality
[22:05:47 DBG ]     PANW     score=+0.697  bucket=software_quality
[22:05:47 DBG ]     AMD      score=+0.569  bucket=ai_nasdaq_semis
[22:05:47 DBG ]     NOW      score=+0.405  bucket=software_quality
[22:05:47 DBG ]     AAPL     score=+0.346  bucket=ai_nasdaq_semis
[22:05:47 INFO] ── Step 6: target weight construction ──
[22:05:47 INFO]   reason: regime=NEUTRAL | primary_picks=4(72%) | fallback=['SPY', 'QQQ', 'GLD']
[22:05:47 INFO]   target_invested_ratio_after_plan = 1.0000
[22:05:47 DBG ]     CRWD       target_weight=0.1800 ($17609.93)
[22:05:47 DBG ]     PANW       target_weight=0.1800 ($17609.93)
[22:05:47 DBG ]     AMD        target_weight=0.1800 ($17609.93)
[22:05:47 DBG ]     NOW        target_weight=0.1800 ($17609.93)
[22:05:47 DBG ]     SPY        target_weight=0.1000 ($9783.29)
[22:05:47 DBG ]     QQQ        target_weight=0.1000 ($9783.29)
[22:05:47 DBG ]     GLD        target_weight=0.0800 ($7826.64)
[22:05:47 INFO] ── Step 7: rebalance order generation ──
[22:05:47 INFO]     CRWD     BUY     current=$     0.00 target=$ 17609.93 delta=$+17609.93  -- new position at target 18.0%
[22:05:47 INFO]     PANW     BUY     current=$     0.00 target=$ 17609.93 delta=$+17609.93  -- new position at target 18.0%
[22:05:47 INFO]     AMD      BUY     current=$     0.00 target=$ 17609.93 delta=$+17609.93  -- new position at target 18.0%
[22:05:47 INFO]     NOW      BUY     current=$     0.00 target=$ 17609.93 delta=$+17609.93  -- new position at target 18.0%
[22:05:47 INFO]     SPY      BUY     current=$     0.00 target=$  9783.29 delta=$ +9783.29  -- new position at target 10.0%
[22:05:47 INFO]     QQQ      BUY     current=$     0.00 target=$  9783.29 delta=$ +9783.29  -- new position at target 10.0%
[22:05:47 INFO]     GLD      BUY     current=$     0.00 target=$  7826.64 delta=$ +7826.64  -- new position at target 8.0%
[22:05:47 INFO]   summary: 7 actionable + 0 hold; passed=7  failed=0
[22:05:47 INFO] ── Step 8: plan complete ──
[22:05:47 INFO]   auto_execute=True  (flip config/capital_deployment.json::capital_deployment.auto_execute_rebalance to enable)
