[22:45:16 INFO] ============================================================
[22:45:16 INFO] AccountAwareAllocator — daily plan 2026-06-10
[22:45:16 INFO] ============================================================
[22:45:16 INFO] ── Step 1: fetching account state ──
[22:45:16 INFO]   equity=$  89308.03  cash=$ 270528.14  buying_power=$ 315182.16
[22:45:16 INFO] ── Step 2: fetching open positions ──
[22:45:16 INFO]   4 positions, invested_ratio=0.1177 (target=1.00, min=0.98)
[22:45:16 DBG ]     AVAXUSD    long  qty=365.9680 mv=$  2320.97  pct_eq=2.60%  pl=-7.01%
[22:45:16 DBG ]     ETHUSD     long  qty=5.0724 mv=$  8191.52  pct_eq=9.17%  pl=+2.52%
[22:45:16 DBG ]     LTCUSD     long  qty=0.0000 mv=$     0.00  pct_eq=0.00%  pl=+0.00%
[22:45:16 DBG ]     SOLUSD     long  qty=0.0000 mv=$     0.00  pct_eq=0.00%  pl=-7.14%
[22:45:16 INFO]   PDT mode=OK  dt_remaining=3
[22:45:16 INFO] ── Step 3: defensive mode check ──
[22:45:16 INFO]   defensive_mode OFF → proceed with deployment
[22:45:16 INFO] ── Step 4: regime detection ──
[22:45:16 INFO]   regime=NEUTRAL  source=auto  size_mult=0.70
[22:45:16 INFO]     allowed_buckets=['ai_nasdaq_semis', 'software_quality', 'inflation_energy', 'crypto']
[22:45:16 INFO] ── Step 5: scoring allowed universe ──
[22:45:21 DBG ]     PANW     score=+0.271  bucket=software_quality
[22:45:21 DBG ]     WDAY     score=+0.264  bucket=software_quality
[22:45:21 DBG ]     NOW      score=+0.209  bucket=software_quality
[22:45:21 DBG ]     CVX      score=+0.192  bucket=inflation_energy
[22:45:21 DBG ]     CRWD     score=+0.178  bucket=software_quality
[22:45:21 INFO] ── Step 6: target weight construction ──
[22:45:21 INFO]   reason: regime=NEUTRAL | primary_picks=0(0%) | fallback=['SPY', 'QQQ', 'GLD'] | unfilled=70.00%
[22:45:21 INFO]   target_invested_ratio_after_plan = 0.3000
[22:45:21 DBG ]     SPY        target_weight=0.1000 ($8930.80)
[22:45:21 DBG ]     QQQ        target_weight=0.1000 ($8930.80)
[22:45:21 DBG ]     GLD        target_weight=0.1000 ($8930.80)
[22:45:21 INFO] ── Step 7: rebalance order generation ──
[22:45:21 INFO]     SPY      BUY     current=$     0.00 target=$  8930.80 delta=$ +8930.80  -- new position at target 10.0%
[22:45:21 INFO]     QQQ      BUY     current=$     0.00 target=$  8930.80 delta=$ +8930.80  -- new position at target 10.0%
[22:45:21 INFO]     GLD      BUY     current=$     0.00 target=$  8930.80 delta=$ +8930.80  -- new position at target 10.0%
[22:45:21 INFO]     AVAXUSD  HOLD    current=$  2320.97 target=$     0.00 delta=$ -2320.97  -- BLOCKED (AVAXUSD not on risk_officer whitelist)
[22:45:21 INFO]     ETHUSD   HOLD    current=$  8191.52 target=$     0.00 delta=$ -8191.52  -- BLOCKED (ETHUSD not on risk_officer whitelist)
[22:45:21 INFO]     LTCUSD   HOLD    current=$     0.00 target=$     0.00 delta=$    +0.00  -- BLOCKED (LTCUSD not on risk_officer whitelist)
[22:45:21 INFO]     SOLUSD   HOLD    current=$     0.00 target=$     0.00 delta=$    +0.00  -- BLOCKED (SOLUSD not on risk_officer whitelist)
[22:45:21 INFO]   summary: 3 actionable + 4 hold; passed=3  failed=4
[22:45:21 WARN]     order check failed: AVAXUSD:EXIT — AVAXUSD not on risk_officer whitelist
[22:45:21 WARN]     order check failed: ETHUSD:EXIT — ETHUSD not on risk_officer whitelist
[22:45:21 WARN]     order check failed: LTCUSD:EXIT — LTCUSD not on risk_officer whitelist
[22:45:21 WARN]     order check failed: SOLUSD:EXIT — SOLUSD not on risk_officer whitelist
[22:45:21 INFO] ── Step 8: plan complete ──
[22:45:21 INFO]   auto_execute=True  (flip config/capital_deployment.json::capital_deployment.auto_execute_rebalance to enable)
