[23:04:25 INFO] ============================================================
[23:04:25 INFO] AccountAwareAllocator — daily plan 2026-06-02
[23:04:25 INFO] ============================================================
[23:04:25 INFO] ── Step 1: fetching account state ──
[23:04:25 INFO]   equity=$  95268.45  cash=$ 254374.93  buying_power=$ 302009.16
[23:04:25 INFO] ── Step 2: fetching open positions ──
[23:04:25 INFO]   2 positions, invested_ratio=0.1895 (target=1.00, min=0.98)
[23:04:25 DBG ]     QQQ        long  qty=12.0000 mv=$  8944.92  pct_eq=9.39%  pl=+0.57%
[23:04:25 DBG ]     SPY        long  qty=12.0000 mv=$  9106.20  pct_eq=9.56%  pl=+0.32%
[23:04:25 INFO]   PDT mode=OK  dt_remaining=3
[23:04:25 INFO] ── Step 3: defensive mode check ──
[23:04:25 INFO]   defensive_mode OFF → proceed with deployment
[23:04:25 INFO] ── Step 4: regime detection ──
[23:04:25 INFO]   regime=NEUTRAL  source=auto  size_mult=0.70
[23:04:25 INFO]     allowed_buckets=['ai_nasdaq_semis', 'software_quality', 'inflation_energy', 'crypto']
[23:04:25 INFO] ── Step 5: scoring allowed universe ──
[23:04:30 DBG ]     ORCL     score=+0.766  bucket=software_quality
[23:04:30 DBG ]     PANW     score=+0.728  bucket=software_quality
[23:04:30 DBG ]     NOW      score=+0.727  bucket=software_quality
[23:04:30 DBG ]     CRWD     score=+0.695  bucket=software_quality
[23:04:30 DBG ]     AMD      score=+0.659  bucket=ai_nasdaq_semis
[23:04:30 INFO] ── Step 6: target weight construction ──
[23:04:30 INFO]   reason: regime=NEUTRAL | primary_picks=5(73%) | fallback=['SPY', 'QQQ', 'GLD']
[23:04:30 INFO]   target_invested_ratio_after_plan = 1.0000
[23:04:30 DBG ]     ORCL       target_weight=0.1375 ($13099.41)
[23:04:30 DBG ]     PANW       target_weight=0.1375 ($13099.41)
[23:04:30 DBG ]     NOW        target_weight=0.1375 ($13099.41)
[23:04:30 DBG ]     CRWD       target_weight=0.1375 ($13099.41)
[23:04:30 DBG ]     AMD        target_weight=0.1800 ($17148.32)
[23:04:30 DBG ]     SPY        target_weight=0.1000 ($9526.84)
[23:04:30 DBG ]     QQQ        target_weight=0.1000 ($9526.84)
[23:04:30 DBG ]     GLD        target_weight=0.0700 ($6668.79)
[23:04:30 INFO] ── Step 7: rebalance order generation ──
[23:04:30 INFO]     AMD      BUY     current=$     0.00 target=$ 17148.32 delta=$+17148.32  -- new position at target 18.0%
[23:04:30 INFO]     ORCL     BUY     current=$     0.00 target=$ 13099.41 delta=$+13099.41  -- new position at target 13.8%
[23:04:30 INFO]     PANW     BUY     current=$     0.00 target=$ 13099.41 delta=$+13099.41  -- new position at target 13.8%
[23:04:30 INFO]     NOW      BUY     current=$     0.00 target=$ 13099.41 delta=$+13099.41  -- new position at target 13.8%
[23:04:30 INFO]     CRWD     BUY     current=$     0.00 target=$ 13099.41 delta=$+13099.41  -- new position at target 13.8%
[23:04:30 INFO]     GLD      BUY     current=$     0.00 target=$  6668.79 delta=$ +6668.79  -- new position at target 7.0%
[23:04:30 INFO]     QQQ      HOLD    current=$  8944.92 target=$  9526.84 delta=$  +581.92  -- |delta +0.61%| < min_diff 2.00%
[23:04:30 INFO]     SPY      HOLD    current=$  9106.20 target=$  9526.84 delta=$  +420.64  -- |delta +0.44%| < min_diff 2.00%
[23:04:30 INFO]   summary: 6 actionable + 2 hold; passed=6  failed=0
[23:04:30 INFO] ── Step 8: plan complete ──
[23:04:30 INFO]   auto_execute=True  (flip config/capital_deployment.json::capital_deployment.auto_execute_rebalance to enable)
