[00:56:01 INFO] ============================================================
[00:56:01 INFO] AccountAwareAllocator — daily plan 2026-07-22
[00:56:01 INFO] ============================================================
[00:56:01 INFO] ── Step 1: fetching account state ──
[00:56:01 INFO]   equity=$  90504.88  cash=$ 316767.08  buying_power=$ 362019.52
[00:56:01 INFO] ── Step 2: fetching open positions ──
[00:56:01 INFO]   0 positions, invested_ratio=0.0000 (target=1.00, min=0.98)
[00:56:01 INFO]   PDT mode=OK  dt_remaining=3
[00:56:01 INFO] ── Step 3: defensive mode check ──
[00:56:01 INFO]   defensive_mode OFF → proceed with deployment
[00:56:01 INFO] ── Step 4: regime detection ──
[00:56:01 INFO]   regime=NEUTRAL  source=auto  size_mult=0.70
[00:56:01 INFO]     allowed_buckets=['ai_nasdaq_semis', 'software_quality', 'inflation_energy', 'crypto']
[00:56:01 INFO] ── Step 5: scoring allowed universe ──
[00:56:06 DBG ]     USO      score=+0.499  bucket=inflation_energy
[00:56:06 DBG ]     CVX      score=+0.350  bucket=inflation_energy
[00:56:06 DBG ]     XOM      score=+0.349  bucket=inflation_energy
[00:56:06 DBG ]     WDAY     score=+0.335  bucket=software_quality
[00:56:06 DBG ]     ADBE     score=+0.333  bucket=software_quality
[00:56:06 INFO] ── Step 6: target weight construction ──
[00:56:06 INFO]   reason: regime=NEUTRAL | primary_picks=2(36%) | fallback=['SPY', 'QQQ', 'GLD'] | unfilled=34.00%
[00:56:06 INFO]   target_invested_ratio_after_plan = 0.6600
[00:56:06 DBG ]     USO        target_weight=0.1800 ($16290.88)
[00:56:06 DBG ]     CVX        target_weight=0.1800 ($16290.88)
[00:56:06 DBG ]     SPY        target_weight=0.1000 ($9050.49)
[00:56:06 DBG ]     QQQ        target_weight=0.1000 ($9050.49)
[00:56:06 DBG ]     GLD        target_weight=0.1000 ($9050.49)
[00:56:06 INFO] ── Step 7: rebalance order generation ──
[00:56:06 INFO]     USO      BUY     current=$     0.00 target=$ 16290.88 delta=$+16290.88  -- new position at target 18.0%
[00:56:06 INFO]     CVX      BUY     current=$     0.00 target=$ 16290.88 delta=$+16290.88  -- new position at target 18.0%
[00:56:06 INFO]     SPY      BUY     current=$     0.00 target=$  9050.49 delta=$ +9050.49  -- new position at target 10.0%
[00:56:06 INFO]     QQQ      BUY     current=$     0.00 target=$  9050.49 delta=$ +9050.49  -- new position at target 10.0%
[00:56:06 INFO]     GLD      BUY     current=$     0.00 target=$  9050.49 delta=$ +9050.49  -- new position at target 10.0%
[00:56:06 INFO]   summary: 5 actionable + 0 hold; passed=5  failed=0
[00:56:06 INFO] ── Step 8: plan complete ──
[00:56:06 INFO]   auto_execute=True  (flip config/capital_deployment.json::capital_deployment.auto_execute_rebalance to enable)
