[22:16:57 INFO] ============================================================
[22:16:57 INFO] AccountAwareAllocator — daily plan 2026-06-09
[22:16:57 INFO] ============================================================
[22:16:57 INFO] ── Step 1: fetching account state ──
[22:16:57 INFO]   equity=$  89841.89  cash=$ 271304.02  buying_power=$ 316224.96
[22:16:57 INFO] ── Step 2: fetching open positions ──
[22:16:58 INFO]   4 positions, invested_ratio=0.1201 (target=1.00, min=0.98)
[22:16:58 DBG ]     AVAXUSD    long  qty=365.9680 mv=$  2435.41  pct_eq=2.71%  pl=-2.42%
[22:16:58 DBG ]     ETHUSD     long  qty=5.0724 mv=$  8350.25  pct_eq=9.29%  pl=+4.50%
[22:16:58 DBG ]     LTCUSD     long  qty=0.0000 mv=$     0.00  pct_eq=0.00%  pl=+0.00%
[22:16:58 DBG ]     SOLUSD     long  qty=0.0000 mv=$     0.00  pct_eq=0.00%  pl=+0.00%
[22:16:58 INFO]   PDT mode=OK  dt_remaining=3
[22:16:58 INFO] ── Step 3: defensive mode check ──
[22:16:58 INFO]   defensive_mode OFF → proceed with deployment
[22:16:58 INFO] ── Step 4: regime detection ──
[22:16:58 INFO]   regime=NEUTRAL  source=auto  size_mult=0.70
[22:16:58 INFO]     allowed_buckets=['ai_nasdaq_semis', 'software_quality', 'inflation_energy', 'crypto']
[22:16:58 INFO] ── Step 5: scoring allowed universe ──
[22:16:59 DBG ]     WDAY     score=+0.268  bucket=software_quality
[22:16:59 DBG ]     PANW     score=+0.188  bucket=software_quality
[22:16:59 DBG ]     NOW      score=+0.155  bucket=software_quality
[22:16:59 DBG ]     CRWD     score=+0.108  bucket=software_quality
[22:16:59 DBG ]     SMH      score=+0.083  bucket=ai_nasdaq_semis
[22:16:59 INFO] ── Step 6: target weight construction ──
[22:16:59 INFO]   reason: regime=NEUTRAL | primary_picks=0(0%) | fallback=['SPY', 'QQQ', 'GLD'] | unfilled=70.00%
[22:16:59 INFO]   target_invested_ratio_after_plan = 0.3000
[22:16:59 DBG ]     SPY        target_weight=0.1000 ($8984.19)
[22:16:59 DBG ]     QQQ        target_weight=0.1000 ($8984.19)
[22:16:59 DBG ]     GLD        target_weight=0.1000 ($8984.19)
[22:16:59 INFO] ── Step 7: rebalance order generation ──
[22:16:59 INFO]     SPY      BUY     current=$     0.00 target=$  8984.19 delta=$ +8984.19  -- new position at target 10.0%
[22:16:59 INFO]     QQQ      BUY     current=$     0.00 target=$  8984.19 delta=$ +8984.19  -- new position at target 10.0%
[22:16:59 INFO]     GLD      BUY     current=$     0.00 target=$  8984.19 delta=$ +8984.19  -- new position at target 10.0%
[22:16:59 INFO]     AVAXUSD  HOLD    current=$  2435.41 target=$     0.00 delta=$ -2435.41  -- BLOCKED (AVAXUSD not on risk_officer whitelist)
[22:16:59 INFO]     ETHUSD   HOLD    current=$  8350.25 target=$     0.00 delta=$ -8350.25  -- BLOCKED (ETHUSD not on risk_officer whitelist)
[22:16:59 INFO]     LTCUSD   HOLD    current=$     0.00 target=$     0.00 delta=$    +0.00  -- BLOCKED (LTCUSD not on risk_officer whitelist)
[22:16:59 INFO]     SOLUSD   HOLD    current=$     0.00 target=$     0.00 delta=$    +0.00  -- BLOCKED (SOLUSD not on risk_officer whitelist)
[22:16:59 INFO]   summary: 3 actionable + 4 hold; passed=3  failed=4
[22:16:59 WARN]     order check failed: AVAXUSD:EXIT — AVAXUSD not on risk_officer whitelist
[22:16:59 WARN]     order check failed: ETHUSD:EXIT — ETHUSD not on risk_officer whitelist
[22:16:59 WARN]     order check failed: LTCUSD:EXIT — LTCUSD not on risk_officer whitelist
[22:16:59 WARN]     order check failed: SOLUSD:EXIT — SOLUSD not on risk_officer whitelist
[22:16:59 INFO] ── Step 8: plan complete ──
[22:16:59 INFO]   auto_execute=True  (flip config/capital_deployment.json::capital_deployment.auto_execute_rebalance to enable)
