[22:29:29 INFO] ============================================================
[22:29:29 INFO] AccountAwareAllocator — daily plan 2026-06-22
[22:29:29 INFO] ============================================================
[22:29:29 INFO] ── Step 1: fetching account state ──
[22:29:29 INFO]   equity=$  90504.88  cash=$ 316767.08  buying_power=$ 362019.52
[22:29:29 INFO] ── Step 2: fetching open positions ──
[22:29:29 INFO]   0 positions, invested_ratio=0.0000 (target=1.00, min=0.98)
[22:29:29 INFO]   PDT mode=OK  dt_remaining=3
[22:29:29 INFO] ── Step 3: defensive mode check ──
[22:29:29 INFO]   defensive_mode OFF → proceed with deployment
[22:29:29 INFO] ── Step 4: regime detection ──
[22:29:29 INFO]   regime=NEUTRAL  source=auto  size_mult=0.70
[22:29:29 INFO]     allowed_buckets=['ai_nasdaq_semis', 'software_quality', 'inflation_energy', 'crypto']
[22:29:29 INFO] ── Step 5: scoring allowed universe ──
[22:29:33 DBG ]     AMD      score=+0.599  bucket=ai_nasdaq_semis
[22:29:33 DBG ]     SMH      score=+0.563  bucket=ai_nasdaq_semis
[22:29:33 DBG ]     PANW     score=+0.262  bucket=software_quality
[22:29:33 DBG ]     TSLA     score=+0.142  bucket=ai_nasdaq_semis
[22:29:33 DBG ]     QQQ      score=+0.126  bucket=ai_nasdaq_semis
[22:29:33 INFO] ── Step 6: target weight construction ──
[22:29:33 INFO]   reason: regime=NEUTRAL | primary_picks=2(36%) | fallback=['SPY', 'QQQ', 'GLD'] | unfilled=34.00%
[22:29:33 INFO]   target_invested_ratio_after_plan = 0.6600
[22:29:33 DBG ]     AMD        target_weight=0.1800 ($16290.88)
[22:29:33 DBG ]     SMH        target_weight=0.1800 ($16290.88)
[22:29:33 DBG ]     SPY        target_weight=0.1000 ($9050.49)
[22:29:33 DBG ]     QQQ        target_weight=0.1000 ($9050.49)
[22:29:33 DBG ]     GLD        target_weight=0.1000 ($9050.49)
[22:29:33 INFO] ── Step 7: rebalance order generation ──
[22:29:33 INFO]     AMD      BUY     current=$     0.00 target=$ 16290.88 delta=$+16290.88  -- new position at target 18.0%
[22:29:33 INFO]     SMH      BUY     current=$     0.00 target=$ 16290.88 delta=$+16290.88  -- new position at target 18.0%
[22:29:33 INFO]     SPY      BUY     current=$     0.00 target=$  9050.49 delta=$ +9050.49  -- new position at target 10.0%
[22:29:33 INFO]     QQQ      BUY     current=$     0.00 target=$  9050.49 delta=$ +9050.49  -- new position at target 10.0%
[22:29:33 INFO]     GLD      BUY     current=$     0.00 target=$  9050.49 delta=$ +9050.49  -- new position at target 10.0%
[22:29:33 INFO]   summary: 5 actionable + 0 hold; passed=5  failed=0
[22:29:33 INFO] ── Step 8: plan complete ──
[22:29:33 INFO]   auto_execute=True  (flip config/capital_deployment.json::capital_deployment.auto_execute_rebalance to enable)
