[01:37:23 INFO] ============================================================
[01:37:23 INFO] AccountAwareAllocator — daily plan 2026-05-15
[01:37:23 INFO] ============================================================
[01:37:23 INFO] ── Step 1: fetching account state ──
[01:37:23 INFO]   equity=$  94598.14  cash=$ 299673.57  buying_power=$ 346972.64
[01:37:23 INFO] ── Step 2: fetching open positions ──
[01:37:23 INFO]   0 positions, invested_ratio=0.0000 (target=1.00, min=0.98)
[01:37:23 INFO] ── Step 3: defensive mode check ──
[01:37:23 INFO]   defensive_mode OFF → proceed with deployment
[01:37:23 INFO] ── Step 4: regime detection ──
[01:37:23 INFO]   regime=NEUTRAL  source=auto  size_mult=0.70
[01:37:23 INFO]     allowed_buckets=['ai_nasdaq_semis', 'inflation_energy', 'crypto']
[01:37:23 INFO] ── Step 5: scoring allowed universe ──
[01:37:24 DBG ]     AMD      score=+0.642  bucket=ai_nasdaq_semis
[01:37:24 DBG ]     SMH      score=+0.583  bucket=ai_nasdaq_semis
[01:37:24 DBG ]     NVDA     score=+0.556  bucket=ai_nasdaq_semis
[01:37:24 DBG ]     TSLA     score=+0.327  bucket=ai_nasdaq_semis
[01:37:24 DBG ]     QQQ      score=+0.324  bucket=ai_nasdaq_semis
[01:37:24 INFO] ── Step 6: target weight construction ──
[01:37:24 INFO]   reason: regime=NEUTRAL | primary_picks=3(54%) | fallback=['SPY', 'QQQ', 'GLD'] | unfilled=16.00%
[01:37:24 INFO]   target_invested_ratio_after_plan = 0.7500
[01:37:24 DBG ]     AMD        target_weight=0.1547 ($14634.33)
[01:37:24 DBG ]     SMH        target_weight=0.1547 ($14634.33)
[01:37:24 DBG ]     NVDA       target_weight=0.1547 ($14634.33)
[01:37:24 DBG ]     SPY        target_weight=0.1000 ($9459.81)
[01:37:24 DBG ]     QQQ        target_weight=0.0859 ($8125.98)
[01:37:24 DBG ]     GLD        target_weight=0.1000 ($9459.81)
[01:37:24 INFO] ── Step 7: rebalance order generation ──
[01:37:24 INFO]     AMD      BUY     current=$     0.00 target=$ 14634.33 delta=$+14634.33  -- new position at target 15.5%
[01:37:24 INFO]     SMH      BUY     current=$     0.00 target=$ 14634.33 delta=$+14634.33  -- new position at target 15.5%
[01:37:24 INFO]     NVDA     BUY     current=$     0.00 target=$ 14634.33 delta=$+14634.33  -- new position at target 15.5%
[01:37:24 INFO]     SPY      BUY     current=$     0.00 target=$  9459.81 delta=$ +9459.81  -- new position at target 10.0%
[01:37:24 INFO]     GLD      BUY     current=$     0.00 target=$  9459.81 delta=$ +9459.81  -- new position at target 10.0%
[01:37:24 INFO]     QQQ      BUY     current=$     0.00 target=$  8125.98 delta=$ +8125.98  -- new position at target 8.6%
[01:37:24 INFO]   summary: 6 actionable + 0 hold; passed=6  failed=0
[01:37:24 INFO] ── Step 8: plan complete ──
[01:37:24 INFO]   auto_execute=True  (flip config/capital_deployment.json::capital_deployment.auto_execute_rebalance to enable)

[14:46:51 INFO] ============================================================
[14:46:51 INFO] execute_orders() — auto-execute path
[14:46:51 INFO] ============================================================
[14:46:51 INFO]   market_status: open=True reason=open
[14:46:52 INFO]     AMD BUY: derived qty=32 from target=$14,634 @ $444.00 (no prior position)
[14:46:53 ERR ]     AMD BUY failed
[14:46:54 INFO]     SMH BUY: derived qty=26 from target=$14,634 @ $559.65 (no prior position)
[14:46:54 ERR ]     SMH BUY failed
[14:46:55 INFO]     NVDA BUY: derived qty=64 from target=$14,634 @ $228.24 (no prior position)
[14:46:56 ERR ]     NVDA BUY failed
[14:46:56 INFO]     SPY BUY: derived qty=12 from target=$9,460 @ $740.99 (no prior position)
[14:46:58 INFO]     SPY BUY placed: BUY 12.0000 @ $740.99  id=2ace4d2e-8a90-4060-acc4-f2e564f46a8c
[14:46:58 INFO]     GLD BUY: derived qty=22 from target=$9,460 @ $417.86 (no prior position)
[14:47:00 INFO]     GLD BUY placed: BUY 22.0000 @ $417.86  id=19a43b91-4fb0-4b11-a514-cec4feaf06d7
[14:47:00 INFO]     QQQ BUY: derived qty=11 from target=$8,126 @ $710.50 (no prior position)
[14:47:02 INFO]     QQQ BUY placed: BUY 11.0000 @ $710.50  id=898a6bf2-dd92-4c38-854b-0fe7bca8b2c0
[14:47:02 INFO]   execution complete: 3 placed, 0 skipped, 3 failed
