[01:40:24 INFO] ============================================================
[01:40:24 INFO] AccountAwareAllocator — daily plan 2026-07-01
[01:40:24 INFO] ============================================================
[01:40:24 INFO] ── Step 1: fetching account state ──
[01:40:24 INFO]   equity=$  90504.88  cash=$ 316767.08  buying_power=$ 362019.52
[01:40:24 INFO] ── Step 2: fetching open positions ──
[01:40:24 INFO]   0 positions, invested_ratio=0.0000 (target=1.00, min=0.98)
[01:40:24 INFO]   PDT mode=OK  dt_remaining=3
[01:40:24 INFO] ── Step 3: defensive mode check ──
[01:40:24 INFO]   defensive_mode OFF → proceed with deployment
[01:40:24 INFO] ── Step 4: regime detection ──
[01:40:24 INFO]   regime=NEUTRAL  source=auto  size_mult=0.70
[01:40:24 INFO]     allowed_buckets=['ai_nasdaq_semis', 'software_quality', 'inflation_energy', 'crypto']
[01:40:24 INFO] ── Step 5: scoring allowed universe ──
[01:40:29 DBG ]     PANW     score=+0.629  bucket=software_quality
[01:40:29 DBG ]     AMD      score=+0.509  bucket=ai_nasdaq_semis
[01:40:29 DBG ]     SMH      score=+0.334  bucket=ai_nasdaq_semis
[01:40:29 DBG ]     CRWD     score=+0.309  bucket=software_quality
[01:40:29 DBG ]     TSLA     score=+0.280  bucket=ai_nasdaq_semis
[01:40:29 INFO] ── Step 6: target weight construction ──
[01:40:29 INFO]   reason: regime=NEUTRAL | primary_picks=2(36%) | fallback=['SPY', 'QQQ', 'GLD'] | unfilled=34.00%
[01:40:29 INFO]   target_invested_ratio_after_plan = 0.6600
[01:40:29 DBG ]     PANW       target_weight=0.1800 ($16290.88)
[01:40:29 DBG ]     AMD        target_weight=0.1800 ($16290.88)
[01:40:29 DBG ]     SPY        target_weight=0.1000 ($9050.49)
[01:40:29 DBG ]     QQQ        target_weight=0.1000 ($9050.49)
[01:40:29 DBG ]     GLD        target_weight=0.1000 ($9050.49)
[01:40:29 INFO] ── Step 7: rebalance order generation ──
[01:40:29 INFO]     PANW     BUY     current=$     0.00 target=$ 16290.88 delta=$+16290.88  -- new position at target 18.0%
[01:40:29 INFO]     AMD      BUY     current=$     0.00 target=$ 16290.88 delta=$+16290.88  -- new position at target 18.0%
[01:40:29 INFO]     SPY      BUY     current=$     0.00 target=$  9050.49 delta=$ +9050.49  -- new position at target 10.0%
[01:40:29 INFO]     QQQ      BUY     current=$     0.00 target=$  9050.49 delta=$ +9050.49  -- new position at target 10.0%
[01:40:29 INFO]     GLD      BUY     current=$     0.00 target=$  9050.49 delta=$ +9050.49  -- new position at target 10.0%
[01:40:29 INFO]   summary: 5 actionable + 0 hold; passed=5  failed=0
[01:40:29 INFO] ── Step 8: plan complete ──
[01:40:29 INFO]   auto_execute=True  (flip config/capital_deployment.json::capital_deployment.auto_execute_rebalance to enable)
