[01:02:22 INFO] ============================================================
[01:02:22 INFO] AccountAwareAllocator — daily plan 2026-07-19
[01:02:22 INFO] ============================================================
[01:02:22 INFO] ── Step 1: fetching account state ──
[01:02:22 INFO]   equity=$  90504.88  cash=$ 316767.08  buying_power=$ 362019.52
[01:02:22 INFO] ── Step 2: fetching open positions ──
[01:02:23 INFO]   0 positions, invested_ratio=0.0000 (target=1.00, min=0.98)
[01:02:23 INFO]   PDT mode=OK  dt_remaining=3
[01:02:23 INFO] ── Step 3: defensive mode check ──
[01:02:23 INFO]   defensive_mode OFF → proceed with deployment
[01:02:23 INFO] ── Step 4: regime detection ──
[01:02:23 INFO]   regime=NEUTRAL  source=auto  size_mult=0.70
[01:02:23 INFO]     allowed_buckets=['ai_nasdaq_semis', 'software_quality', 'inflation_energy', 'crypto']
[01:02:23 INFO] ── Step 5: scoring allowed universe ──
[01:02:29 DBG ]     ADBE     score=+0.539  bucket=software_quality
[01:02:29 DBG ]     USO      score=+0.515  bucket=inflation_energy
[01:02:29 DBG ]     PANW     score=+0.449  bucket=software_quality
[01:02:29 DBG ]     CRWD     score=+0.431  bucket=software_quality
[01:02:29 DBG ]     WDAY     score=+0.390  bucket=software_quality
[01:02:29 INFO] ── Step 6: target weight construction ──
[01:02:29 INFO]   reason: regime=NEUTRAL | primary_picks=5(73%) | fallback=['SPY', 'QQQ', 'GLD']
[01:02:29 INFO]   target_invested_ratio_after_plan = 1.0000
[01:02:29 DBG ]     ADBE       target_weight=0.1375 ($12444.42)
[01:02:29 DBG ]     USO        target_weight=0.1800 ($16290.88)
[01:02:29 DBG ]     PANW       target_weight=0.1375 ($12444.42)
[01:02:29 DBG ]     CRWD       target_weight=0.1375 ($12444.42)
[01:02:29 DBG ]     WDAY       target_weight=0.1375 ($12444.42)
[01:02:29 DBG ]     SPY        target_weight=0.1000 ($9050.49)
[01:02:29 DBG ]     QQQ        target_weight=0.1000 ($9050.49)
[01:02:29 DBG ]     GLD        target_weight=0.0700 ($6335.34)
[01:02:29 INFO] ── Step 7: rebalance order generation ──
[01:02:29 INFO]     USO      BUY     current=$     0.00 target=$ 16290.88 delta=$+16290.88  -- new position at target 18.0%
[01:02:29 INFO]     ADBE     BUY     current=$     0.00 target=$ 12444.42 delta=$+12444.42  -- new position at target 13.8%
[01:02:29 INFO]     PANW     BUY     current=$     0.00 target=$ 12444.42 delta=$+12444.42  -- new position at target 13.8%
[01:02:29 INFO]     CRWD     BUY     current=$     0.00 target=$ 12444.42 delta=$+12444.42  -- new position at target 13.8%
[01:02:29 INFO]     WDAY     BUY     current=$     0.00 target=$ 12444.42 delta=$+12444.42  -- new position at target 13.8%
[01:02:29 INFO]     SPY      BUY     current=$     0.00 target=$  9050.49 delta=$ +9050.49  -- new position at target 10.0%
[01:02:29 INFO]     QQQ      BUY     current=$     0.00 target=$  9050.49 delta=$ +9050.49  -- new position at target 10.0%
[01:02:29 INFO]     GLD      BUY     current=$     0.00 target=$  6335.34 delta=$ +6335.34  -- new position at target 7.0%
[01:02:29 INFO]   summary: 8 actionable + 0 hold; passed=8  failed=0
[01:02:29 INFO] ── Step 8: plan complete ──
[01:02:29 INFO]   auto_execute=True  (flip config/capital_deployment.json::capital_deployment.auto_execute_rebalance to enable)
