[21:54:04 INFO] ============================================================
[21:54:04 INFO] AccountAwareAllocator — daily plan 2026-05-24
[21:54:04 INFO] ============================================================
[21:54:04 INFO] ── Step 1: fetching account state ──
[21:54:05 INFO]   equity=$  97832.88  cash=$ 342415.08  buying_power=$ 391331.52
[21:54:05 INFO] ── Step 2: fetching open positions ──
[21:54:05 INFO]   0 positions, invested_ratio=0.0000 (target=1.00, min=0.98)
[21:54:05 INFO]   PDT mode=OK  dt_remaining=3
[21:54:05 INFO] ── Step 3: defensive mode check ──
[21:54:05 INFO]   defensive_mode OFF → proceed with deployment
[21:54:05 INFO] ── Step 4: regime detection ──
[21:54:05 INFO]   regime=NEUTRAL  source=auto  size_mult=0.70
[21:54:05 INFO]     allowed_buckets=['ai_nasdaq_semis', 'software_quality', 'inflation_energy', 'crypto']
[21:54:05 INFO] ── Step 5: scoring allowed universe ──
[21:54:07 DBG ]     CRWD     score=+0.766  bucket=software_quality
[21:54:07 DBG ]     PANW     score=+0.697  bucket=software_quality
[21:54:07 DBG ]     AMD      score=+0.569  bucket=ai_nasdaq_semis
[21:54:07 DBG ]     NOW      score=+0.405  bucket=software_quality
[21:54:07 DBG ]     AAPL     score=+0.346  bucket=ai_nasdaq_semis
[21:54:07 INFO] ── Step 6: target weight construction ──
[21:54:07 INFO]   reason: regime=NEUTRAL | primary_picks=4(72%) | fallback=['SPY', 'QQQ', 'GLD']
[21:54:07 INFO]   target_invested_ratio_after_plan = 1.0000
[21:54:07 DBG ]     CRWD       target_weight=0.1800 ($17609.92)
[21:54:07 DBG ]     PANW       target_weight=0.1800 ($17609.92)
[21:54:07 DBG ]     AMD        target_weight=0.1800 ($17609.92)
[21:54:07 DBG ]     NOW        target_weight=0.1800 ($17609.92)
[21:54:07 DBG ]     SPY        target_weight=0.1000 ($9783.29)
[21:54:07 DBG ]     QQQ        target_weight=0.1000 ($9783.29)
[21:54:07 DBG ]     GLD        target_weight=0.0800 ($7826.63)
[21:54:07 INFO] ── Step 7: rebalance order generation ──
[21:54:07 INFO]     CRWD     BUY     current=$     0.00 target=$ 17609.92 delta=$+17609.92  -- new position at target 18.0%
[21:54:07 INFO]     PANW     BUY     current=$     0.00 target=$ 17609.92 delta=$+17609.92  -- new position at target 18.0%
[21:54:07 INFO]     AMD      BUY     current=$     0.00 target=$ 17609.92 delta=$+17609.92  -- new position at target 18.0%
[21:54:07 INFO]     NOW      BUY     current=$     0.00 target=$ 17609.92 delta=$+17609.92  -- new position at target 18.0%
[21:54:07 INFO]     SPY      BUY     current=$     0.00 target=$  9783.29 delta=$ +9783.29  -- new position at target 10.0%
[21:54:07 INFO]     QQQ      BUY     current=$     0.00 target=$  9783.29 delta=$ +9783.29  -- new position at target 10.0%
[21:54:07 INFO]     GLD      BUY     current=$     0.00 target=$  7826.63 delta=$ +7826.63  -- new position at target 8.0%
[21:54:07 INFO]   summary: 7 actionable + 0 hold; passed=7  failed=0
[21:54:07 INFO] ── Step 8: plan complete ──
[21:54:07 INFO]   auto_execute=True  (flip config/capital_deployment.json::capital_deployment.auto_execute_rebalance to enable)
