[01:38:46 INFO] ============================================================
[01:38:46 INFO] AccountAwareAllocator — daily plan 2026-05-30
[01:38:46 INFO] ============================================================
[01:38:46 INFO] ── Step 1: fetching account state ──
[01:38:46 INFO]   equity=$  97339.91  cash=$ 258144.60  buying_power=$ 306814.56
[01:38:46 INFO] ── Step 2: fetching open positions ──
[01:38:46 INFO]   0 positions, invested_ratio=0.0000 (target=1.00, min=0.98)
[01:38:46 INFO]   PDT mode=OK  dt_remaining=3
[01:38:46 INFO] ── Step 3: defensive mode check ──
[01:38:46 INFO]   defensive_mode OFF → proceed with deployment
[01:38:46 INFO] ── Step 4: regime detection ──
[01:38:46 INFO]   regime=NEUTRAL  source=auto  size_mult=0.70
[01:38:46 INFO]     allowed_buckets=['ai_nasdaq_semis', 'software_quality', 'inflation_energy', 'crypto']
[01:38:46 INFO] ── Step 5: scoring allowed universe ──
[01:38:51 DBG ]     NOW      score=+0.940  bucket=software_quality
[01:38:51 DBG ]     CRWD     score=+0.791  bucket=software_quality
[01:38:51 DBG ]     ORCL     score=+0.777  bucket=software_quality
[01:38:51 DBG ]     WDAY     score=+0.734  bucket=software_quality
[01:38:51 DBG ]     PANW     score=+0.723  bucket=software_quality
[01:38:51 INFO] ── Step 6: target weight construction ──
[01:38:51 INFO]   reason: regime=NEUTRAL | primary_picks=5(55%) | fallback=['SPY', 'QQQ', 'GLD'] | unfilled=15.00%
[01:38:51 INFO]   target_invested_ratio_after_plan = 0.8500
[01:38:51 DBG ]     NOW        target_weight=0.1100 ($10707.39)
[01:38:51 DBG ]     CRWD       target_weight=0.1100 ($10707.39)
[01:38:51 DBG ]     ORCL       target_weight=0.1100 ($10707.39)
[01:38:51 DBG ]     WDAY       target_weight=0.1100 ($10707.39)
[01:38:51 DBG ]     PANW       target_weight=0.1100 ($10707.39)
[01:38:51 DBG ]     SPY        target_weight=0.1000 ($9733.99)
[01:38:51 DBG ]     QQQ        target_weight=0.1000 ($9733.99)
[01:38:51 DBG ]     GLD        target_weight=0.1000 ($9733.99)
[01:38:51 INFO] ── Step 7: rebalance order generation ──
[01:38:51 INFO]     NOW      BUY     current=$     0.00 target=$ 10707.39 delta=$+10707.39  -- new position at target 11.0%
[01:38:51 INFO]     CRWD     BUY     current=$     0.00 target=$ 10707.39 delta=$+10707.39  -- new position at target 11.0%
[01:38:51 INFO]     ORCL     BUY     current=$     0.00 target=$ 10707.39 delta=$+10707.39  -- new position at target 11.0%
[01:38:51 INFO]     WDAY     BUY     current=$     0.00 target=$ 10707.39 delta=$+10707.39  -- new position at target 11.0%
[01:38:51 INFO]     PANW     BUY     current=$     0.00 target=$ 10707.39 delta=$+10707.39  -- new position at target 11.0%
[01:38:51 INFO]     SPY      BUY     current=$     0.00 target=$  9733.99 delta=$ +9733.99  -- new position at target 10.0%
[01:38:51 INFO]     QQQ      BUY     current=$     0.00 target=$  9733.99 delta=$ +9733.99  -- new position at target 10.0%
[01:38:51 INFO]     GLD      BUY     current=$     0.00 target=$  9733.99 delta=$ +9733.99  -- new position at target 10.0%
[01:38:51 INFO]   summary: 8 actionable + 0 hold; passed=8  failed=0
[01:38:51 INFO] ── Step 8: plan complete ──
[01:38:51 INFO]   auto_execute=True  (flip config/capital_deployment.json::capital_deployment.auto_execute_rebalance to enable)
