[02:01:37 INFO] ============================================================
[02:01:37 INFO] AccountAwareAllocator — daily plan 2026-06-17
[02:01:37 INFO] ============================================================
[02:01:37 INFO] ── Step 1: fetching account state ──
[02:01:37 INFO]   equity=$  90504.88  cash=$ 316767.08  buying_power=$ 362019.52
[02:01:37 INFO] ── Step 2: fetching open positions ──
[02:01:37 INFO]   0 positions, invested_ratio=0.0000 (target=1.00, min=0.98)
[02:01:37 INFO]   PDT mode=OK  dt_remaining=3
[02:01:37 INFO] ── Step 3: defensive mode check ──
[02:01:37 INFO]   defensive_mode OFF → proceed with deployment
[02:01:37 INFO] ── Step 4: regime detection ──
[02:01:37 INFO]   regime=NEUTRAL  source=auto  size_mult=0.70
[02:01:37 INFO]     allowed_buckets=['ai_nasdaq_semis', 'software_quality', 'inflation_energy', 'crypto']
[02:01:37 INFO] ── Step 5: scoring allowed universe ──
[02:01:39 DBG ]     AMD      score=+0.349  bucket=ai_nasdaq_semis
[02:01:39 DBG ]     SMH      score=+0.228  bucket=ai_nasdaq_semis
[02:01:39 DBG ]     PANW     score=+0.216  bucket=software_quality
[02:01:39 DBG ]     CRWD     score=+0.120  bucket=software_quality
[02:01:39 DBG ]     QQQ      score=+0.097  bucket=ai_nasdaq_semis
[02:01:39 INFO] ── Step 6: target weight construction ──
[02:01:39 INFO]   reason: regime=NEUTRAL | primary_picks=0(0%) | fallback=['SPY', 'QQQ', 'GLD'] | unfilled=70.00%
[02:01:39 INFO]   target_invested_ratio_after_plan = 0.3000
[02:01:39 DBG ]     SPY        target_weight=0.1000 ($9050.49)
[02:01:39 DBG ]     QQQ        target_weight=0.1000 ($9050.49)
[02:01:39 DBG ]     GLD        target_weight=0.1000 ($9050.49)
[02:01:39 INFO] ── Step 7: rebalance order generation ──
[02:01:39 INFO]     SPY      BUY     current=$     0.00 target=$  9050.49 delta=$ +9050.49  -- new position at target 10.0%
[02:01:39 INFO]     QQQ      BUY     current=$     0.00 target=$  9050.49 delta=$ +9050.49  -- new position at target 10.0%
[02:01:39 INFO]     GLD      BUY     current=$     0.00 target=$  9050.49 delta=$ +9050.49  -- new position at target 10.0%
[02:01:39 INFO]   summary: 3 actionable + 0 hold; passed=3  failed=0
[02:01:39 INFO] ── Step 8: plan complete ──
[02:01:39 INFO]   auto_execute=True  (flip config/capital_deployment.json::capital_deployment.auto_execute_rebalance to enable)

[13:00:49 INFO] ============================================================
[13:00:49 INFO] execute_orders() — auto-execute path
[13:00:49 INFO] ============================================================
[13:00:49 INFO]   market_status: open=False reason=pre_market
[13:00:49 INFO]   bp_guard: requested $27151 available $362020 open_exposure $0 | all BUYs fit available BP + exposure cap
[13:00:49 WARN]     SPY BUY: skipped — market not open
[13:00:49 WARN]     QQQ BUY: skipped — market not open
[13:00:49 WARN]     GLD BUY: skipped — market not open
[13:00:49 INFO]   execution complete: 0 placed, 3 skipped, 0 failed, 0 deferred_bp
