[22:01:05 INFO] ============================================================
[22:01:05 INFO] AccountAwareAllocator — daily plan 2026-06-14
[22:01:05 INFO] ============================================================
[22:01:05 INFO] ── Step 1: fetching account state ──
[22:01:05 INFO]   equity=$  89887.34  cash=$ 221229.58  buying_power=$ 266173.25
[22:01:05 INFO] ── Step 2: fetching open positions ──
[22:01:06 INFO]   7 positions, invested_ratio=0.5754 (target=1.00, min=0.98)
[22:01:06 DBG ]     AVAXUSD    long  qty=365.9680 mv=$  2428.75  pct_eq=2.70%  pl=-2.69%
[22:01:06 DBG ]     CRWD       long  qty=23.0000 mv=$ 15704.40  pct_eq=17.47%  pl=-0.28%
[22:01:06 DBG ]     ETHUSD     long  qty=5.0724 mv=$  8755.34  pct_eq=9.74%  pl=+9.57%
[22:01:06 DBG ]     GLD        long  qty=23.0000 mv=$  8890.42  pct_eq=9.89%  pl=-0.14%
[22:01:06 DBG ]     LTCUSD     long  qty=0.0000 mv=$     0.00  pct_eq=0.00%  pl=+0.00%
[22:01:06 DBG ]     PANW       long  qty=57.0000 mv=$ 15938.34  pct_eq=17.73%  pl=+0.08%
[22:01:06 DBG ]     SOLUSD     long  qty=0.0000 mv=$     0.00  pct_eq=0.00%  pl=+7.14%
[22:01:06 INFO]   PDT mode=OK  dt_remaining=3
[22:01:06 INFO] ── Step 3: defensive mode check ──
[22:01:06 INFO]   defensive_mode OFF → proceed with deployment
[22:01:06 INFO] ── Step 4: regime detection ──
[22:01:06 INFO]   regime=NEUTRAL  source=auto  size_mult=0.70
[22:01:06 INFO]     allowed_buckets=['ai_nasdaq_semis', 'software_quality', 'inflation_energy', 'crypto']
[22:01:06 INFO] ── Step 5: scoring allowed universe ──
[22:01:14 DBG ]     AMD      score=+0.434  bucket=ai_nasdaq_semis
[22:01:14 DBG ]     SMH      score=+0.353  bucket=ai_nasdaq_semis
[22:01:14 DBG ]     PANW     score=+0.298  bucket=software_quality
[22:01:14 DBG ]     CRWD     score=+0.255  bucket=software_quality
[22:01:14 DBG ]     QQQ      score=+0.126  bucket=ai_nasdaq_semis
[22:01:14 INFO] ── Step 6: target weight construction ──
[22:01:14 INFO]   reason: regime=NEUTRAL | primary_picks=2(36%) | fallback=['SPY', 'QQQ', 'GLD'] | unfilled=34.00%
[22:01:14 INFO]   target_invested_ratio_after_plan = 0.6600
[22:01:14 DBG ]     AMD        target_weight=0.1800 ($16179.72)
[22:01:14 DBG ]     SMH        target_weight=0.1800 ($16179.72)
[22:01:14 DBG ]     SPY        target_weight=0.1000 ($8988.73)
[22:01:14 DBG ]     QQQ        target_weight=0.1000 ($8988.73)
[22:01:14 DBG ]     GLD        target_weight=0.1000 ($8988.73)
[22:01:14 INFO] ── Step 7: rebalance order generation ──
[22:01:14 INFO]     AMD      BUY     current=$     0.00 target=$ 16179.72 delta=$+16179.72  -- new position at target 18.0%
[22:01:14 INFO]     SMH      BUY     current=$     0.00 target=$ 16179.72 delta=$+16179.72  -- new position at target 18.0%
[22:01:14 INFO]     PANW     EXIT    current=$ 15938.34 target=$     0.00 delta=$-15938.34  -- symbol not in target allocation
[22:01:14 INFO]     CRWD     EXIT    current=$ 15704.40 target=$     0.00 delta=$-15704.40  -- symbol not in target allocation
[22:01:14 INFO]     SPY      BUY     current=$     0.00 target=$  8988.73 delta=$ +8988.73  -- new position at target 10.0%
[22:01:14 INFO]     QQQ      BUY     current=$     0.00 target=$  8988.73 delta=$ +8988.73  -- new position at target 10.0%
[22:01:14 INFO]     AVAXUSD  HOLD    current=$  2428.75 target=$     0.00 delta=$ -2428.75  -- BLOCKED (AVAXUSD not on risk_officer whitelist)
[22:01:14 INFO]     ETHUSD   HOLD    current=$  8755.34 target=$     0.00 delta=$ -8755.34  -- BLOCKED (ETHUSD not on risk_officer whitelist)
[22:01:14 INFO]     GLD      HOLD    current=$  8890.42 target=$  8988.73 delta=$   +98.31  -- |delta +0.11%| < min_diff 2.00%
[22:01:14 INFO]     LTCUSD   HOLD    current=$     0.00 target=$     0.00 delta=$    +0.00  -- BLOCKED (LTCUSD not on risk_officer whitelist)
[22:01:14 INFO]     SOLUSD   HOLD    current=$     0.00 target=$     0.00 delta=$    +0.00  -- BLOCKED (SOLUSD not on risk_officer whitelist)
[22:01:14 INFO]   summary: 6 actionable + 5 hold; passed=6  failed=4
[22:01:14 WARN]     order check failed: AVAXUSD:EXIT — AVAXUSD not on risk_officer whitelist
[22:01:14 WARN]     order check failed: ETHUSD:EXIT — ETHUSD not on risk_officer whitelist
[22:01:14 WARN]     order check failed: LTCUSD:EXIT — LTCUSD not on risk_officer whitelist
[22:01:14 WARN]     order check failed: SOLUSD:EXIT — SOLUSD not on risk_officer whitelist
[22:01:14 INFO] ── Step 8: plan complete ──
[22:01:14 INFO]   auto_execute=True  (flip config/capital_deployment.json::capital_deployment.auto_execute_rebalance to enable)
