
=== Emergency Close Script | 2026-05-13 09:56:23 UTC ===
Closing 4 positions flagged CLOSE_EMERGENCY on 2026-05-12

Account OK — equity $97,106.09

SELL_TO_CLOSE SPY260518P00739000 × 1
  Entry: $5.80  Current: $4.74  P&L: -18.3%
  Order type: MARKET
  → ERROR 422: {"code":42210000,"message":"options market orders are only allowed during market hours"}

SELL_TO_CLOSE SPY260518P00738000 × 1
  Entry: $5.08  Current: $4.31  P&L: -15.2%
  Order type: MARKET
  → ERROR 422: {"code":42210000,"message":"options market orders are only allowed during market hours"}

SELL_TO_CLOSE GOOGL260520P00385000 × 2
  Entry: $7.00  Current: $5.35  P&L: -23.6%
  Order type: LIMIT  Limit: $5.20
  → ORDER PLACED: id=8cf16f03-c314-4b3b-99df-96c62846452e status=accepted

SELL_TO_CLOSE AAPL260520P00295000 × 1
  Entry: $4.65  Current: $3.90  P&L: -16.1%
  Order type: LIMIT  Limit: $3.85
  → ORDER PLACED: id=337d3330-c27f-4cca-9b64-257a05347c48 status=accepted

=== Summary ===
  SPY260518P00739000: ❌ FAILED
  SPY260518P00738000: ❌ FAILED
  GOOGL260520P00385000: ✅ OK
  AAPL260520P00295000: ✅ OK

2 order(s) failed — close manually via dashboard:
  https://app.alpaca.markets/paper/dashboard/overview
